[debug] [2023-11-07T13:53:48.284Z] ----------------------------------------------------------------------
[debug] [2023-11-07T13:53:48.286Z] Command:       C:\Program Files\nodejs\node.exe C:\Users\WilsonPC\AppData\Roaming\npm\node_modules\firebase-tools\lib\bin\firebase.js deploy --only functions
[debug] [2023-11-07T13:53:48.287Z] CLI Version:   12.6.2
[debug] [2023-11-07T13:53:48.287Z] Platform:      win32
[debug] [2023-11-07T13:53:48.287Z] Node Version:  v16.20.1
[debug] [2023-11-07T13:53:48.288Z] Time:          Tue Nov 07 2023 09:53:48 GMT-0400 (hora de Venezuela)
[debug] [2023-11-07T13:53:48.288Z] ----------------------------------------------------------------------
[debug] 
[debug] [2023-11-07T13:53:48.344Z] Object ".hosting.rewrites[0]" in "firebase.json" has unknown property: {"additionalProperty":"source"}
[debug] [2023-11-07T13:53:48.345Z] Object ".hosting.rewrites[0]" in "firebase.json" has unknown property: {"additionalProperty":"source"}
[debug] [2023-11-07T13:53:48.345Z] Object ".hosting.rewrites[0]" in "firebase.json" has unknown property: {"additionalProperty":"source"}
[debug] [2023-11-07T13:53:48.345Z] Object ".hosting.rewrites[0]" in "firebase.json" has unknown property: {"additionalProperty":"source"}
[debug] [2023-11-07T13:53:48.345Z] Object ".hosting.rewrites[0]" in "firebase.json" has unknown property: {"additionalProperty":"source"}
[debug] [2023-11-07T13:53:48.345Z] Object ".hosting.rewrites[0]" in "firebase.json" has unknown property: {"additionalProperty":"dynamicLinks"}
[debug] [2023-11-07T13:53:48.345Z] Object ".hosting.rewrites[0]" in "firebase.json" has unknown property: {"additionalProperty":"destination"}
[debug] [2023-11-07T13:53:48.345Z] Object ".hosting.rewrites[0]" in "firebase.json" has unknown property: {"additionalProperty":"destination"}
[debug] [2023-11-07T13:53:48.345Z] Object ".hosting.rewrites[0]" in "firebase.json" has unknown property: {"additionalProperty":"destination"}
[debug] [2023-11-07T13:53:48.345Z] Object ".hosting.rewrites[0]" in "firebase.json" has unknown property: {"additionalProperty":"destination"}
[debug] [2023-11-07T13:53:48.345Z] Object ".hosting.rewrites[0]" in "firebase.json" has unknown property: {"additionalProperty":"source"}
[debug] [2023-11-07T13:53:48.345Z] Object ".hosting.rewrites[0]" in "firebase.json" has unknown property: {"additionalProperty":"source"}
[debug] [2023-11-07T13:53:48.346Z] Object ".hosting.rewrites[0]" in "firebase.json" has unknown property: {"additionalProperty":"source"}
[debug] [2023-11-07T13:53:48.346Z] Object ".hosting.rewrites[0]" in "firebase.json" has unknown property: {"additionalProperty":"source"}
[debug] [2023-11-07T13:53:48.346Z] Object ".hosting.rewrites[0]" in "firebase.json" has unknown property: {"additionalProperty":"source"}
[debug] [2023-11-07T13:53:48.346Z] Field ".hosting.rewrites[0]" in "firebase.json" is possibly invalid: should match some schema in anyOf
[debug] [2023-11-07T13:53:48.346Z] Field ".hosting" in "firebase.json" is possibly invalid: should be array
[debug] [2023-11-07T13:53:48.346Z] Field ".hosting" in "firebase.json" is possibly invalid: should match some schema in anyOf
[debug] [2023-11-07T13:53:48.350Z] > command requires scopes: ["email","openid","https://www.googleapis.com/auth/cloudplatformprojects.readonly","https://www.googleapis.com/auth/firebase","https://www.googleapis.com/auth/cloud-platform"]
[debug] [2023-11-07T13:53:48.350Z] > authorizing via signed-in user (biltd.88@gmail.com)
[debug] [2023-11-07T13:53:48.350Z] [iam] checking project fullaccezz-2756a for permissions ["cloudfunctions.functions.create","cloudfunctions.functions.delete","cloudfunctions.functions.get","cloudfunctions.functions.list","cloudfunctions.functions.update","cloudfunctions.operations.get","firebase.projects.get"]
[debug] [2023-11-07T13:53:48.351Z] > refreshing access token with scopes: []
[debug] [2023-11-07T13:53:48.353Z] >>> [apiv2][query] POST https://www.googleapis.com/oauth2/v3/token [none]
[debug] [2023-11-07T13:53:48.353Z] >>> [apiv2][body] POST https://www.googleapis.com/oauth2/v3/token [omitted]
[debug] [2023-11-07T13:53:48.790Z] <<< [apiv2][status] POST https://www.googleapis.com/oauth2/v3/token 200
[debug] [2023-11-07T13:53:48.790Z] <<< [apiv2][body] POST https://www.googleapis.com/oauth2/v3/token [omitted]
[debug] [2023-11-07T13:53:48.809Z] >>> [apiv2][query] POST https://cloudresourcemanager.googleapis.com/v1/projects/fullaccezz-2756a:testIamPermissions [none]
[debug] [2023-11-07T13:53:48.809Z] >>> [apiv2][(partial)header] POST https://cloudresourcemanager.googleapis.com/v1/projects/fullaccezz-2756a:testIamPermissions x-goog-quota-user=projects/fullaccezz-2756a
[debug] [2023-11-07T13:53:48.810Z] >>> [apiv2][body] POST https://cloudresourcemanager.googleapis.com/v1/projects/fullaccezz-2756a:testIamPermissions {"permissions":["cloudfunctions.functions.create","cloudfunctions.functions.delete","cloudfunctions.functions.get","cloudfunctions.functions.list","cloudfunctions.functions.update","cloudfunctions.operations.get","firebase.projects.get"]}
[debug] [2023-11-07T13:53:49.565Z] <<< [apiv2][status] POST https://cloudresourcemanager.googleapis.com/v1/projects/fullaccezz-2756a:testIamPermissions 200
[debug] [2023-11-07T13:53:49.565Z] <<< [apiv2][body] POST https://cloudresourcemanager.googleapis.com/v1/projects/fullaccezz-2756a:testIamPermissions {"permissions":["cloudfunctions.functions.create","cloudfunctions.functions.delete","cloudfunctions.functions.get","cloudfunctions.functions.list","cloudfunctions.functions.update","cloudfunctions.operations.get","firebase.projects.get"]}
[debug] [2023-11-07T13:53:49.565Z] >>> [apiv2][query] POST https://iam.googleapis.com/v1/projects/fullaccezz-2756a/serviceAccounts/fullaccezz-2756a@appspot.gserviceaccount.com:testIamPermissions [none]
[debug] [2023-11-07T13:53:49.565Z] >>> [apiv2][body] POST https://iam.googleapis.com/v1/projects/fullaccezz-2756a/serviceAccounts/fullaccezz-2756a@appspot.gserviceaccount.com:testIamPermissions {"permissions":["iam.serviceAccounts.actAs"]}
[debug] [2023-11-07T13:53:50.231Z] <<< [apiv2][status] POST https://iam.googleapis.com/v1/projects/fullaccezz-2756a/serviceAccounts/fullaccezz-2756a@appspot.gserviceaccount.com:testIamPermissions 200
[debug] [2023-11-07T13:53:50.231Z] <<< [apiv2][body] POST https://iam.googleapis.com/v1/projects/fullaccezz-2756a/serviceAccounts/fullaccezz-2756a@appspot.gserviceaccount.com:testIamPermissions {"permissions":["iam.serviceAccounts.actAs"]}
[info] 
[info] === Deploying to 'fullaccezz-2756a'...
[info] 
[info] i  deploying functions 
[debug] [2023-11-07T13:53:50.235Z] >>> [apiv2][query] GET https://firebase.googleapis.com/v1beta1/projects/fullaccezz-2756a [none]
[debug] [2023-11-07T13:53:50.742Z] <<< [apiv2][status] GET https://firebase.googleapis.com/v1beta1/projects/fullaccezz-2756a 200
[debug] [2023-11-07T13:53:50.742Z] <<< [apiv2][body] GET https://firebase.googleapis.com/v1beta1/projects/fullaccezz-2756a {"projectId":"fullaccezz-2756a","projectNumber":"286050939937","displayName":"fullaccezz","name":"projects/fullaccezz-2756a","resources":{"hostingSite":"fullaccezz-2756a","realtimeDatabaseInstance":"fullaccezz-2756a-default-rtdb","storageBucket":"fullaccezz-2756a.appspot.com","locationId":"us-east1"},"state":"ACTIVE","etag":"1_020d86a7-aa70-47a3-ae99-b6d23b5d5b10"}
[info] i  functions: preparing codebase default for deployment 
[info] i  functions: ensuring required API cloudfunctions.googleapis.com is enabled... 
[info] i  functions: ensuring required API cloudbuild.googleapis.com is enabled... 
[info] i  artifactregistry: ensuring required API artifactregistry.googleapis.com is enabled... 
[debug] [2023-11-07T13:53:50.746Z] >>> [apiv2][query] GET https://serviceusage.googleapis.com/v1/projects/fullaccezz-2756a/services/cloudfunctions.googleapis.com [none]
[debug] [2023-11-07T13:53:50.746Z] >>> [apiv2][(partial)header] GET https://serviceusage.googleapis.com/v1/projects/fullaccezz-2756a/services/cloudfunctions.googleapis.com x-goog-quota-user=projects/fullaccezz-2756a
[debug] [2023-11-07T13:53:50.747Z] >>> [apiv2][query] GET https://serviceusage.googleapis.com/v1/projects/fullaccezz-2756a/services/runtimeconfig.googleapis.com [none]
[debug] [2023-11-07T13:53:50.747Z] >>> [apiv2][(partial)header] GET https://serviceusage.googleapis.com/v1/projects/fullaccezz-2756a/services/runtimeconfig.googleapis.com x-goog-quota-user=projects/fullaccezz-2756a
[debug] [2023-11-07T13:53:50.747Z] >>> [apiv2][query] GET https://serviceusage.googleapis.com/v1/projects/fullaccezz-2756a/services/cloudbuild.googleapis.com [none]
[debug] [2023-11-07T13:53:50.747Z] >>> [apiv2][(partial)header] GET https://serviceusage.googleapis.com/v1/projects/fullaccezz-2756a/services/cloudbuild.googleapis.com x-goog-quota-user=projects/fullaccezz-2756a
[debug] [2023-11-07T13:53:50.748Z] >>> [apiv2][query] GET https://serviceusage.googleapis.com/v1/projects/fullaccezz-2756a/services/artifactregistry.googleapis.com [none]
[debug] [2023-11-07T13:53:50.748Z] >>> [apiv2][(partial)header] GET https://serviceusage.googleapis.com/v1/projects/fullaccezz-2756a/services/artifactregistry.googleapis.com x-goog-quota-user=projects/fullaccezz-2756a
[debug] [2023-11-07T13:53:51.632Z] <<< [apiv2][status] GET https://serviceusage.googleapis.com/v1/projects/fullaccezz-2756a/services/artifactregistry.googleapis.com 200
[debug] [2023-11-07T13:53:51.632Z] <<< [apiv2][body] GET https://serviceusage.googleapis.com/v1/projects/fullaccezz-2756a/services/artifactregistry.googleapis.com [omitted]
[info] +  artifactregistry: required API artifactregistry.googleapis.com is enabled 
[debug] [2023-11-07T13:53:51.634Z] <<< [apiv2][status] GET https://serviceusage.googleapis.com/v1/projects/fullaccezz-2756a/services/cloudfunctions.googleapis.com 200
[debug] [2023-11-07T13:53:51.634Z] <<< [apiv2][body] GET https://serviceusage.googleapis.com/v1/projects/fullaccezz-2756a/services/cloudfunctions.googleapis.com [omitted]
[info] +  functions: required API cloudfunctions.googleapis.com is enabled 
[debug] [2023-11-07T13:53:51.653Z] <<< [apiv2][status] GET https://serviceusage.googleapis.com/v1/projects/fullaccezz-2756a/services/cloudbuild.googleapis.com 200
[debug] [2023-11-07T13:53:51.653Z] <<< [apiv2][body] GET https://serviceusage.googleapis.com/v1/projects/fullaccezz-2756a/services/cloudbuild.googleapis.com [omitted]
[info] +  functions: required API cloudbuild.googleapis.com is enabled 
[debug] [2023-11-07T13:53:51.658Z] <<< [apiv2][status] GET https://serviceusage.googleapis.com/v1/projects/fullaccezz-2756a/services/runtimeconfig.googleapis.com 200
[debug] [2023-11-07T13:53:51.658Z] <<< [apiv2][body] GET https://serviceusage.googleapis.com/v1/projects/fullaccezz-2756a/services/runtimeconfig.googleapis.com [omitted]
[debug] [2023-11-07T13:53:51.659Z] >>> [apiv2][query] GET https://firebase.googleapis.com/v1beta1/projects/fullaccezz-2756a/adminSdkConfig [none]
[debug] [2023-11-07T13:53:52.050Z] <<< [apiv2][status] GET https://firebase.googleapis.com/v1beta1/projects/fullaccezz-2756a/adminSdkConfig 200
[debug] [2023-11-07T13:53:52.050Z] <<< [apiv2][body] GET https://firebase.googleapis.com/v1beta1/projects/fullaccezz-2756a/adminSdkConfig {"projectId":"fullaccezz-2756a","databaseURL":"https://fullaccezz-2756a-default-rtdb.firebaseio.com","storageBucket":"fullaccezz-2756a.appspot.com","locationId":"us-east1"}
[debug] [2023-11-07T13:53:52.051Z] >>> [apiv2][query] GET https://runtimeconfig.googleapis.com/v1beta1/projects/fullaccezz-2756a/configs [none]
[debug] [2023-11-07T13:53:52.638Z] <<< [apiv2][status] GET https://runtimeconfig.googleapis.com/v1beta1/projects/fullaccezz-2756a/configs 200
[debug] [2023-11-07T13:53:52.638Z] <<< [apiv2][body] GET https://runtimeconfig.googleapis.com/v1beta1/projects/fullaccezz-2756a/configs {}
[debug] [2023-11-07T13:53:52.640Z] Validating nodejs source
[warn] !  functions: package.json indicates an outdated version of firebase-functions. Please upgrade using npm install --save firebase-functions@latest in your functions directory. 
[debug] [2023-11-07T13:53:54.059Z] > [functions] package.json contents: {
  "name": "functions",
  "description": "Cloud Functions for Firebase",
  "scripts": {
    "serve": "firebase emulators:start --only functions",
    "debug": "firebase emulators:start --only functions --debug",
    "shell": "firebase functions:shell",
    "start": "npm run shell",
    "deploy": "firebase deploy --only functions",
    "logs": "firebase functions:log"
  },
  "engines": {
    "node": "16"
  },
  "main": "index.js",
  "dependencies": {
    "@google-cloud/tasks": "^4.0.1",
    "axios": "^1.5.1",
    "cors": "^2.8.5",
    "cross-fetch": "^4.0.0",
    "express": "^4.18.2",
    "firebase-admin": "^11.8.0",
    "firebase-functions": "^4.3.1",
    "nodemon": "^3.0.1"
  },
  "devDependencies": {
    "firebase-functions-test": "^3.1.0"
  },
  "private": true
}
[debug] [2023-11-07T13:53:54.060Z] Building nodejs source
[info] i  functions: Loading and analyzing source code for codebase default to determine what to deploy 
[debug] [2023-11-07T13:53:54.062Z] Could not find functions.yaml. Must use http discovery
[debug] [2023-11-07T13:53:54.070Z] Found firebase-functions binary at 'C:\Users\WilsonPC\Desktop\mynuu\Mynuureact\functions\node_modules\.bin\firebase-functions'
[info] Serving at port 8146

[debug] [2023-11-07T13:53:54.555Z] Got response from /__/functions.yaml {"endpoints":{"app":{"platform":"gcfv1","availableMemoryMb":null,"timeoutSeconds":null,"minInstances":null,"maxInstances":null,"ingressSettings":null,"serviceAccountEmail":null,"vpc":null,"httpsTrigger":{},"entryPoint":"app"}},"specVersion":"v1alpha1","requiredAPIs":[]}
[info] shutdown requested via /__/quitquitquit

[info] i  functions: preparing functions directory for uploading... 
[info] i  functions: packaged C:\Users\WilsonPC\Desktop\mynuu\Mynuureact\functions (56.84 KB) for uploading 
[debug] [2023-11-07T13:53:54.643Z] >>> [apiv2][query] GET https://cloudfunctions.googleapis.com/v1/projects/fullaccezz-2756a/locations/-/functions [none]
[debug] [2023-11-07T13:53:55.508Z] <<< [apiv2][status] GET https://cloudfunctions.googleapis.com/v1/projects/fullaccezz-2756a/locations/-/functions 200
[debug] [2023-11-07T13:53:55.508Z] <<< [apiv2][body] GET https://cloudfunctions.googleapis.com/v1/projects/fullaccezz-2756a/locations/-/functions {"functions":[{"name":"projects/fullaccezz-2756a/locations/us-central1/functions/app","httpsTrigger":{"url":"https://us-central1-fullaccezz-2756a.cloudfunctions.net/app","securityLevel":"SECURE_ALWAYS"},"status":"ACTIVE","entryPoint":"app","timeout":"60s","availableMemoryMb":256,"serviceAccountEmail":"fullaccezz-2756a@appspot.gserviceaccount.com","updateTime":"2023-11-06T23:03:26.652Z","versionId":"4","labels":{"deployment-tool":"cli-firebase","firebase-functions-hash":"1130d49f403cb30cecb16a9ecd38f2735d343a0d"},"sourceUploadUrl":"https://storage.googleapis.com/uploads-51260566639.us-central1.cloudfunctions.appspot.com/ed585cb1-1446-4c39-9e41-c74f6f907b79.zip","environmentVariables":{"FIREBASE_CONFIG":"{\"projectId\":\"fullaccezz-2756a\",\"databaseURL\":\"https://fullaccezz-2756a-default-rtdb.firebaseio.com\",\"storageBucket\":\"fullaccezz-2756a.appspot.com\",\"locationId\":\"us-east1\"}","GCLOUD_PROJECT":"fullaccezz-2756a","EVENTARC_CLOUD_EVENT_SOURCE":"projects/fullaccezz-2756a/locations/us-central1/functions/app"},"runtime":"nodejs16","ingressSettings":"ALLOW_ALL","buildId":"0dfe75bf-dd9e-4eb8-8fa3-2090536c2472","buildEnvironmentVariables":{"GOOGLE_NODE_RUN_SCRIPTS":""},"buildName":"projects/286050939937/locations/us-central1/builds/0dfe75bf-dd9e-4eb8-8fa3-2090536c2472","dockerRegistry":"ARTIFACT_REGISTRY"},{"name":"projects/fullaccezz-2756a/locations/us-central1/functions/onProductUpdate","eventTrigger":{"eventType":"providers/cloud.firestore/eventTypes/document.update","resource":"projects/fullaccezz-2756a/databases/(default)/documents/products/{productId}","service":"firestore.googleapis.com","failurePolicy":{}},"status":"ACTIVE","entryPoint":"onProductUpdate","timeout":"60s","availableMemoryMb":256,"serviceAccountEmail":"fullaccezz-2756a@appspot.gserviceaccount.com","updateTime":"2023-08-06T00:37:00.062Z","versionId":"12","labels":{"deployment-tool":"cli-firebase","firebase-functions-hash":"a59579c0a91c79ea3cb8e537a91a2e0a8d805ef6"},"sourceUploadUrl":"https://storage.googleapis.com/uploads-51260566639.us-central1.cloudfunctions.appspot.com/3ad0ad49-92d5-4e0c-8b14-ddd7de428403.zip","environmentVariables":{"FIREBASE_CONFIG":"{\"projectId\":\"fullaccezz-2756a\",\"databaseURL\":\"https://fullaccezz-2756a-default-rtdb.firebaseio.com\",\"storageBucket\":\"fullaccezz-2756a.appspot.com\",\"locationId\":\"us-east1\"}","GCLOUD_PROJECT":"fullaccezz-2756a","EVENTARC_CLOUD_EVENT_SOURCE":"projects/fullaccezz-2756a/locations/us-central1/functions/onProductUpdate"},"runtime":"nodejs14","maxInstances":50,"ingressSettings":"ALLOW_ALL","buildId":"94d08bd9-997f-4b89-a8e1-6458ffb93d90","minInstances":1,"buildName":"projects/286050939937/locations/us-central1/builds/94d08bd9-997f-4b89-a8e1-6458ffb93d90","dockerRegistry":"ARTIFACT_REGISTRY"},{"name":"projects/fullaccezz-2756a/locations/us-central1/functions/sendNotifificationOnNewGuest","eventTrigger":{"eventType":"providers/cloud.firestore/eventTypes/document.update","resource":"projects/fullaccezz-2756a/databases/(default)/documents/guests/{guestId}","service":"firestore.googleapis.com","failurePolicy":{}},"status":"ACTIVE","entryPoint":"sendNotifificationOnNewGuest","timeout":"60s","availableMemoryMb":256,"serviceAccountEmail":"fullaccezz-2756a@appspot.gserviceaccount.com","updateTime":"2023-03-23T03:17:42.261Z","versionId":"18","labels":{"deployment-tool":"cli-firebase","firebase-functions-hash":"a59579c0a91c79ea3cb8e537a91a2e0a8d805ef6"},"sourceUploadUrl":"https://storage.googleapis.com/uploads-51260566639.us-central1.cloudfunctions.appspot.com/63dba250-0974-4c52-acdd-f788dca11769.zip","environmentVariables":{"FIREBASE_CONFIG":"{\"projectId\":\"fullaccezz-2756a\",\"databaseURL\":\"https://fullaccezz-2756a-default-rtdb.firebaseio.com\",\"storageBucket\":\"fullaccezz-2756a.appspot.com\",\"locationId\":\"us-east1\"}","GCLOUD_PROJECT":"fullaccezz-2756a","EVENTARC_CLOUD_EVENT_SOURCE":"projects/fullaccezz-2756a/locations/us-central1/functions/sendNotifificationOnNewGuest"},"runtime":"nodejs14","maxInstances":3000,"ingressSettings":"ALLOW_ALL","buildId":"5a87417c-0461-4190-a0e1-a66d24c15821","buildName":"projects/286050939937/locations/us-central1/builds/5a87417c-0461-4190-a0e1-a66d24c15821","dockerRegistry":"ARTIFACT_REGISTRY"}]}
[debug] [2023-11-07T13:53:55.510Z] >>> [apiv2][query] GET https://cloudfunctions.googleapis.com/v2/projects/fullaccezz-2756a/locations/-/functions filter=environment%3D%22GEN_2%22
[debug] [2023-11-07T13:53:56.142Z] <<< [apiv2][status] GET https://cloudfunctions.googleapis.com/v2/projects/fullaccezz-2756a/locations/-/functions 200
[debug] [2023-11-07T13:53:56.142Z] <<< [apiv2][body] GET https://cloudfunctions.googleapis.com/v2/projects/fullaccezz-2756a/locations/-/functions {}
[debug] [2023-11-07T13:53:56.147Z] >>> [apiv2][query] GET https://firebase.googleapis.com/v1beta1/projects/fullaccezz-2756a [none]
[debug] [2023-11-07T13:53:56.574Z] <<< [apiv2][status] GET https://firebase.googleapis.com/v1beta1/projects/fullaccezz-2756a 200
[debug] [2023-11-07T13:53:56.575Z] <<< [apiv2][body] GET https://firebase.googleapis.com/v1beta1/projects/fullaccezz-2756a {"projectId":"fullaccezz-2756a","projectNumber":"286050939937","displayName":"fullaccezz","name":"projects/fullaccezz-2756a","resources":{"hostingSite":"fullaccezz-2756a","realtimeDatabaseInstance":"fullaccezz-2756a-default-rtdb","storageBucket":"fullaccezz-2756a.appspot.com","locationId":"us-east1"},"state":"ACTIVE","etag":"1_020d86a7-aa70-47a3-ae99-b6d23b5d5b10"}
[debug] [2023-11-07T13:53:56.577Z] >>> [apiv2][query] POST https://cloudfunctions.googleapis.com/v1/projects/fullaccezz-2756a/locations/us-central1/functions:generateUploadUrl [none]
[debug] [2023-11-07T13:53:56.578Z] >>> [apiv2][body] POST https://cloudfunctions.googleapis.com/v1/projects/fullaccezz-2756a/locations/us-central1/functions:generateUploadUrl {}
[debug] [2023-11-07T13:53:57.491Z] <<< [apiv2][status] POST https://cloudfunctions.googleapis.com/v1/projects/fullaccezz-2756a/locations/us-central1/functions:generateUploadUrl 200
[debug] [2023-11-07T13:53:57.492Z] <<< [apiv2][body] POST https://cloudfunctions.googleapis.com/v1/projects/fullaccezz-2756a/locations/us-central1/functions:generateUploadUrl {"uploadUrl":"https://storage.googleapis.com/uploads-51260566639.us-central1.cloudfunctions.appspot.com/bb85f9cc-38eb-4648-9e53-5b03508f797b.zip?GoogleAccessId=service-286050939937@gcf-admin-robot.iam.gserviceaccount.com&Expires=1699367036&Signature=JKQhFUv4bgpeIDtoBS5k2uu2snMU%2FIx%2BODFiJUbl9qj8ZLXHS92OyujAMrdlwRj%2BtQMX6mVasoHXcQ5wB6eOrhSiWZCtfvliI1Ha4bK3vm4UnXTrNP6jJUOGi7X2UZ6ogaWntnZoMmWIdw%2FMXIehlEo51JSSL4yLq%2FZSWncIfI379UdgdY25NtW0xJW01%2FEuRDp%2FGUKqO0SeN4nO8RsdhS6Srd%2BXa4CnQAl9HsX3ZhTu9qT9ZkqJ4c%2FnDJj9nehWOPMN7km1ja0eZR9OgMOj6D9XlpwUVsUo9fnJBOOQVg%2F20knFJ9JxvAj8k1XZ6ZDFK1uSrDWl3indIVFY%2FUJQpA%3D%3D"}
[debug] [2023-11-07T13:53:57.493Z] >>> [apiv2][query] PUT https://storage.googleapis.com/uploads-51260566639.us-central1.cloudfunctions.appspot.com/bb85f9cc-38eb-4648-9e53-5b03508f797b.zip GoogleAccessId=service-286050939937%40gcf-admin-robot.iam.gserviceaccount.com&Expires=1699367036&Signature=JKQhFUv4bgpeIDtoBS5k2uu2snMU%2FIx%2BODFiJUbl9qj8ZLXHS92OyujAMrdlwRj%2BtQMX6mVasoHXcQ5wB6eOrhSiWZCtfvliI1Ha4bK3vm4UnXTrNP6jJUOGi7X2UZ6ogaWntnZoMmWIdw%2FMXIehlEo51JSSL4yLq%2FZSWncIfI379UdgdY25NtW0xJW01%2FEuRDp%2FGUKqO0SeN4nO8RsdhS6Srd%2BXa4CnQAl9HsX3ZhTu9qT9ZkqJ4c%2FnDJj9nehWOPMN7km1ja0eZR9OgMOj6D9XlpwUVsUo9fnJBOOQVg%2F20knFJ9JxvAj8k1XZ6ZDFK1uSrDWl3indIVFY%2FUJQpA%3D%3D
[debug] [2023-11-07T13:53:57.493Z] >>> [apiv2][body] PUT https://storage.googleapis.com/uploads-51260566639.us-central1.cloudfunctions.appspot.com/bb85f9cc-38eb-4648-9e53-5b03508f797b.zip [stream]
[debug] [2023-11-07T13:53:58.630Z] <<< [apiv2][status] PUT https://storage.googleapis.com/uploads-51260566639.us-central1.cloudfunctions.appspot.com/bb85f9cc-38eb-4648-9e53-5b03508f797b.zip 200
[debug] [2023-11-07T13:53:58.630Z] <<< [apiv2][body] PUT https://storage.googleapis.com/uploads-51260566639.us-central1.cloudfunctions.appspot.com/bb85f9cc-38eb-4648-9e53-5b03508f797b.zip [omitted]
[info] +  functions: functions folder uploaded successfully 
[info] 
The following functions are found in your project but do not exist in your local source code:
	onProductUpdate(us-central1)
	sendNotifificationOnNewGuest(us-central1)

If you are renaming a function or changing its region, it is recommended that you create the new function first before deleting the old one to prevent event loss. For more info, visit https://firebase.google.com/docs/functions/manage-functions#modify

[info] i  functions: updating Node.js 16 (1st Gen) function app(us-central1)... 
[debug] [2023-11-07T13:54:00.884Z] >>> [apiv2][query] PATCH https://cloudfunctions.googleapis.com/v1/projects/fullaccezz-2756a/locations/us-central1/functions/app updateMask=name%2CsourceUploadUrl%2CentryPoint%2Cruntime%2CdockerRegistry%2Clabels%2ChttpsTrigger.securityLevel%2CminInstances%2CmaxInstances%2CingressSettings%2CenvironmentVariables%2CserviceAccountEmail%2CavailableMemoryMb%2Ctimeout%2CvpcConnector%2CvpcConnectorEgressSettings%2CsourceToken%2CbuildEnvironmentVariables
[debug] [2023-11-07T13:54:00.884Z] >>> [apiv2][body] PATCH https://cloudfunctions.googleapis.com/v1/projects/fullaccezz-2756a/locations/us-central1/functions/app {"name":"projects/fullaccezz-2756a/locations/us-central1/functions/app","sourceUploadUrl":"https://storage.googleapis.com/uploads-51260566639.us-central1.cloudfunctions.appspot.com/bb85f9cc-38eb-4648-9e53-5b03508f797b.zip?GoogleAccessId=service-286050939937@gcf-admin-robot.iam.gserviceaccount.com&Expires=1699367036&Signature=JKQhFUv4bgpeIDtoBS5k2uu2snMU%2FIx%2BODFiJUbl9qj8ZLXHS92OyujAMrdlwRj%2BtQMX6mVasoHXcQ5wB6eOrhSiWZCtfvliI1Ha4bK3vm4UnXTrNP6jJUOGi7X2UZ6ogaWntnZoMmWIdw%2FMXIehlEo51JSSL4yLq%2FZSWncIfI379UdgdY25NtW0xJW01%2FEuRDp%2FGUKqO0SeN4nO8RsdhS6Srd%2BXa4CnQAl9HsX3ZhTu9qT9ZkqJ4c%2FnDJj9nehWOPMN7km1ja0eZR9OgMOj6D9XlpwUVsUo9fnJBOOQVg%2F20knFJ9JxvAj8k1XZ6ZDFK1uSrDWl3indIVFY%2FUJQpA%3D%3D","entryPoint":"app","runtime":"nodejs16","dockerRegistry":"ARTIFACT_REGISTRY","labels":{"deployment-tool":"cli-firebase","firebase-functions-hash":"c817a77dbbc119c50b554b4ce6a04ef614096ba6"},"httpsTrigger":{"securityLevel":"SECURE_ALWAYS"},"minInstances":null,"maxInstances":null,"ingressSettings":null,"environmentVariables":{"FIREBASE_CONFIG":"{\"projectId\":\"fullaccezz-2756a\",\"databaseURL\":\"https://fullaccezz-2756a-default-rtdb.firebaseio.com\",\"storageBucket\":\"fullaccezz-2756a.appspot.com\",\"locationId\":\"us-east1\"}","GCLOUD_PROJECT":"fullaccezz-2756a","EVENTARC_CLOUD_EVENT_SOURCE":"projects/fullaccezz-2756a/locations/us-central1/functions/app"},"serviceAccountEmail":null,"availableMemoryMb":null,"timeout":null,"vpcConnector":null,"vpcConnectorEgressSettings":null,"buildEnvironmentVariables":{"GOOGLE_NODE_RUN_SCRIPTS":""}}
[debug] [2023-11-07T13:54:01.769Z] <<< [apiv2][status] PATCH https://cloudfunctions.googleapis.com/v1/projects/fullaccezz-2756a/locations/us-central1/functions/app 200
[debug] [2023-11-07T13:54:01.769Z] <<< [apiv2][body] PATCH https://cloudfunctions.googleapis.com/v1/projects/fullaccezz-2756a/locations/us-central1/functions/app {"name":"operations/ZnVsbGFjY2V6ei0yNzU2YS91cy1jZW50cmFsMS9hcHAvaXJyVzMtZktsbEk","metadata":{"@type":"type.googleapis.com/google.cloud.functions.v1.OperationMetadataV1","target":"projects/fullaccezz-2756a/locations/us-central1/functions/app","type":"UPDATE_FUNCTION","request":{"@type":"type.googleapis.com/google.cloud.functions.v1.CloudFunction","name":"projects/fullaccezz-2756a/locations/us-central1/functions/app","httpsTrigger":{"url":"https://us-central1-fullaccezz-2756a.cloudfunctions.net/app","securityLevel":"SECURE_ALWAYS"},"status":"ACTIVE","entryPoint":"app","updateTime":"2023-11-06T23:03:26.652Z","versionId":"4","labels":{"deployment-tool":"cli-firebase","firebase-functions-hash":"c817a77dbbc119c50b554b4ce6a04ef614096ba6"},"sourceUploadUrl":"https://storage.googleapis.com/uploads-51260566639.us-central1.cloudfunctions.appspot.com/bb85f9cc-38eb-4648-9e53-5b03508f797b.zip?GoogleAccessId=service-286050939937@gcf-admin-robot.iam.gserviceaccount.com&Expires=1699367036&Signature=JKQhFUv4bgpeIDtoBS5k2uu2snMU%2FIx%2BODFiJUbl9qj8ZLXHS92OyujAMrdlwRj%2BtQMX6mVasoHXcQ5wB6eOrhSiWZCtfvliI1Ha4bK3vm4UnXTrNP6jJUOGi7X2UZ6ogaWntnZoMmWIdw%2FMXIehlEo51JSSL4yLq%2FZSWncIfI379UdgdY25NtW0xJW01%2FEuRDp%2FGUKqO0SeN4nO8RsdhS6Srd%2BXa4CnQAl9HsX3ZhTu9qT9ZkqJ4c%2FnDJj9nehWOPMN7km1ja0eZR9OgMOj6D9XlpwUVsUo9fnJBOOQVg%2F20knFJ9JxvAj8k1XZ6ZDFK1uSrDWl3indIVFY%2FUJQpA%3D%3D","environmentVariables":{"FIREBASE_CONFIG":"{\"projectId\":\"fullaccezz-2756a\",\"databaseURL\":\"https://fullaccezz-2756a-default-rtdb.firebaseio.com\",\"storageBucket\":\"fullaccezz-2756a.appspot.com\",\"locationId\":\"us-east1\"}","GCLOUD_PROJECT":"fullaccezz-2756a","EVENTARC_CLOUD_EVENT_SOURCE":"projects/fullaccezz-2756a/locations/us-central1/functions/app"},"runtime":"nodejs16","buildId":"0dfe75bf-dd9e-4eb8-8fa3-2090536c2472","buildEnvironmentVariables":{"GOOGLE_NODE_RUN_SCRIPTS":""},"buildName":"projects/286050939937/locations/us-central1/builds/0dfe75bf-dd9e-4eb8-8fa3-2090536c2472","dockerRegistry":"ARTIFACT_REGISTRY"},"versionId":"5","updateTime":"2023-11-07T13:54:01Z"}}
[debug] [2023-11-07T13:54:01.771Z] >>> [apiv2][query] GET https://cloudfunctions.googleapis.com/v1/operations/ZnVsbGFjY2V6ei0yNzU2YS91cy1jZW50cmFsMS9hcHAvaXJyVzMtZktsbEk [none]
[debug] [2023-11-07T13:54:02.216Z] <<< [apiv2][status] GET https://cloudfunctions.googleapis.com/v1/operations/ZnVsbGFjY2V6ei0yNzU2YS91cy1jZW50cmFsMS9hcHAvaXJyVzMtZktsbEk 200
[debug] [2023-11-07T13:54:02.217Z] <<< [apiv2][body] GET https://cloudfunctions.googleapis.com/v1/operations/ZnVsbGFjY2V6ei0yNzU2YS91cy1jZW50cmFsMS9hcHAvaXJyVzMtZktsbEk {"name":"operations/ZnVsbGFjY2V6ei0yNzU2YS91cy1jZW50cmFsMS9hcHAvaXJyVzMtZktsbEk","metadata":{"@type":"type.googleapis.com/google.cloud.functions.v1.OperationMetadataV1","target":"projects/fullaccezz-2756a/locations/us-central1/functions/app","type":"UPDATE_FUNCTION","request":{"@type":"type.googleapis.com/google.cloud.functions.v1.CloudFunction","name":"projects/fullaccezz-2756a/locations/us-central1/functions/app","httpsTrigger":{"url":"https://us-central1-fullaccezz-2756a.cloudfunctions.net/app","securityLevel":"SECURE_ALWAYS"},"status":"ACTIVE","entryPoint":"app","updateTime":"2023-11-06T23:03:26.652Z","versionId":"4","labels":{"deployment-tool":"cli-firebase","firebase-functions-hash":"c817a77dbbc119c50b554b4ce6a04ef614096ba6"},"sourceUploadUrl":"https://storage.googleapis.com/uploads-51260566639.us-central1.cloudfunctions.appspot.com/bb85f9cc-38eb-4648-9e53-5b03508f797b.zip?GoogleAccessId=service-286050939937@gcf-admin-robot.iam.gserviceaccount.com&Expires=1699367036&Signature=JKQhFUv4bgpeIDtoBS5k2uu2snMU%2FIx%2BODFiJUbl9qj8ZLXHS92OyujAMrdlwRj%2BtQMX6mVasoHXcQ5wB6eOrhSiWZCtfvliI1Ha4bK3vm4UnXTrNP6jJUOGi7X2UZ6ogaWntnZoMmWIdw%2FMXIehlEo51JSSL4yLq%2FZSWncIfI379UdgdY25NtW0xJW01%2FEuRDp%2FGUKqO0SeN4nO8RsdhS6Srd%2BXa4CnQAl9HsX3ZhTu9qT9ZkqJ4c%2FnDJj9nehWOPMN7km1ja0eZR9OgMOj6D9XlpwUVsUo9fnJBOOQVg%2F20knFJ9JxvAj8k1XZ6ZDFK1uSrDWl3indIVFY%2FUJQpA%3D%3D","environmentVariables":{"FIREBASE_CONFIG":"{\"projectId\":\"fullaccezz-2756a\",\"databaseURL\":\"https://fullaccezz-2756a-default-rtdb.firebaseio.com\",\"storageBucket\":\"fullaccezz-2756a.appspot.com\",\"locationId\":\"us-east1\"}","GCLOUD_PROJECT":"fullaccezz-2756a","EVENTARC_CLOUD_EVENT_SOURCE":"projects/fullaccezz-2756a/locations/us-central1/functions/app"},"runtime":"nodejs16","buildId":"0dfe75bf-dd9e-4eb8-8fa3-2090536c2472","buildEnvironmentVariables":{"GOOGLE_NODE_RUN_SCRIPTS":""},"buildName":"projects/286050939937/locations/us-central1/builds/0dfe75bf-dd9e-4eb8-8fa3-2090536c2472","dockerRegistry":"ARTIFACT_REGISTRY"},"versionId":"5","updateTime":"2023-11-07T13:54:01Z"}}
[debug] [2023-11-07T13:54:02.720Z] [update-default-us-central1-app] Retrying task index 0
[debug] [2023-11-07T13:54:02.720Z] >>> [apiv2][query] GET https://cloudfunctions.googleapis.com/v1/operations/ZnVsbGFjY2V6ei0yNzU2YS91cy1jZW50cmFsMS9hcHAvaXJyVzMtZktsbEk [none]
[debug] [2023-11-07T13:54:03.184Z] <<< [apiv2][status] GET https://cloudfunctions.googleapis.com/v1/operations/ZnVsbGFjY2V6ei0yNzU2YS91cy1jZW50cmFsMS9hcHAvaXJyVzMtZktsbEk 200
[debug] [2023-11-07T13:54:03.184Z] <<< [apiv2][body] GET https://cloudfunctions.googleapis.com/v1/operations/ZnVsbGFjY2V6ei0yNzU2YS91cy1jZW50cmFsMS9hcHAvaXJyVzMtZktsbEk {"name":"operations/ZnVsbGFjY2V6ei0yNzU2YS91cy1jZW50cmFsMS9hcHAvaXJyVzMtZktsbEk","metadata":{"@type":"type.googleapis.com/google.cloud.functions.v1.OperationMetadataV1","target":"projects/fullaccezz-2756a/locations/us-central1/functions/app","type":"UPDATE_FUNCTION","request":{"@type":"type.googleapis.com/google.cloud.functions.v1.CloudFunction","name":"projects/fullaccezz-2756a/locations/us-central1/functions/app","httpsTrigger":{"url":"https://us-central1-fullaccezz-2756a.cloudfunctions.net/app","securityLevel":"SECURE_ALWAYS"},"status":"ACTIVE","entryPoint":"app","updateTime":"2023-11-06T23:03:26.652Z","versionId":"4","labels":{"deployment-tool":"cli-firebase","firebase-functions-hash":"c817a77dbbc119c50b554b4ce6a04ef614096ba6"},"sourceUploadUrl":"https://storage.googleapis.com/uploads-51260566639.us-central1.cloudfunctions.appspot.com/bb85f9cc-38eb-4648-9e53-5b03508f797b.zip?GoogleAccessId=service-286050939937@gcf-admin-robot.iam.gserviceaccount.com&Expires=1699367036&Signature=JKQhFUv4bgpeIDtoBS5k2uu2snMU%2FIx%2BODFiJUbl9qj8ZLXHS92OyujAMrdlwRj%2BtQMX6mVasoHXcQ5wB6eOrhSiWZCtfvliI1Ha4bK3vm4UnXTrNP6jJUOGi7X2UZ6ogaWntnZoMmWIdw%2FMXIehlEo51JSSL4yLq%2FZSWncIfI379UdgdY25NtW0xJW01%2FEuRDp%2FGUKqO0SeN4nO8RsdhS6Srd%2BXa4CnQAl9HsX3ZhTu9qT9ZkqJ4c%2FnDJj9nehWOPMN7km1ja0eZR9OgMOj6D9XlpwUVsUo9fnJBOOQVg%2F20knFJ9JxvAj8k1XZ6ZDFK1uSrDWl3indIVFY%2FUJQpA%3D%3D","environmentVariables":{"FIREBASE_CONFIG":"{\"projectId\":\"fullaccezz-2756a\",\"databaseURL\":\"https://fullaccezz-2756a-default-rtdb.firebaseio.com\",\"storageBucket\":\"fullaccezz-2756a.appspot.com\",\"locationId\":\"us-east1\"}","GCLOUD_PROJECT":"fullaccezz-2756a","EVENTARC_CLOUD_EVENT_SOURCE":"projects/fullaccezz-2756a/locations/us-central1/functions/app"},"runtime":"nodejs16","buildId":"0dfe75bf-dd9e-4eb8-8fa3-2090536c2472","buildEnvironmentVariables":{"GOOGLE_NODE_RUN_SCRIPTS":""},"buildName":"projects/286050939937/locations/us-central1/builds/0dfe75bf-dd9e-4eb8-8fa3-2090536c2472","dockerRegistry":"ARTIFACT_REGISTRY"},"versionId":"5","updateTime":"2023-11-07T13:54:01Z","buildId":"165ad3d3-b725-42e2-a6b0-71f982d9520b","buildName":"projects/286050939937/locations/us-central1/builds/165ad3d3-b725-42e2-a6b0-71f982d9520b"}}
[debug] [2023-11-07T13:54:04.196Z] [update-default-us-central1-app] Retrying task index 0
[debug] [2023-11-07T13:54:04.197Z] >>> [apiv2][query] GET https://cloudfunctions.googleapis.com/v1/operations/ZnVsbGFjY2V6ei0yNzU2YS91cy1jZW50cmFsMS9hcHAvaXJyVzMtZktsbEk [none]
[debug] [2023-11-07T13:54:04.709Z] <<< [apiv2][status] GET https://cloudfunctions.googleapis.com/v1/operations/ZnVsbGFjY2V6ei0yNzU2YS91cy1jZW50cmFsMS9hcHAvaXJyVzMtZktsbEk 200
[debug] [2023-11-07T13:54:04.709Z] <<< [apiv2][body] GET https://cloudfunctions.googleapis.com/v1/operations/ZnVsbGFjY2V6ei0yNzU2YS91cy1jZW50cmFsMS9hcHAvaXJyVzMtZktsbEk {"name":"operations/ZnVsbGFjY2V6ei0yNzU2YS91cy1jZW50cmFsMS9hcHAvaXJyVzMtZktsbEk","metadata":{"@type":"type.googleapis.com/google.cloud.functions.v1.OperationMetadataV1","target":"projects/fullaccezz-2756a/locations/us-central1/functions/app","type":"UPDATE_FUNCTION","request":{"@type":"type.googleapis.com/google.cloud.functions.v1.CloudFunction","name":"projects/fullaccezz-2756a/locations/us-central1/functions/app","httpsTrigger":{"url":"https://us-central1-fullaccezz-2756a.cloudfunctions.net/app","securityLevel":"SECURE_ALWAYS"},"status":"ACTIVE","entryPoint":"app","updateTime":"2023-11-06T23:03:26.652Z","versionId":"4","labels":{"deployment-tool":"cli-firebase","firebase-functions-hash":"c817a77dbbc119c50b554b4ce6a04ef614096ba6"},"sourceUploadUrl":"https://storage.googleapis.com/uploads-51260566639.us-central1.cloudfunctions.appspot.com/bb85f9cc-38eb-4648-9e53-5b03508f797b.zip?GoogleAccessId=service-286050939937@gcf-admin-robot.iam.gserviceaccount.com&Expires=1699367036&Signature=JKQhFUv4bgpeIDtoBS5k2uu2snMU%2FIx%2BODFiJUbl9qj8ZLXHS92OyujAMrdlwRj%2BtQMX6mVasoHXcQ5wB6eOrhSiWZCtfvliI1Ha4bK3vm4UnXTrNP6jJUOGi7X2UZ6ogaWntnZoMmWIdw%2FMXIehlEo51JSSL4yLq%2FZSWncIfI379UdgdY25NtW0xJW01%2FEuRDp%2FGUKqO0SeN4nO8RsdhS6Srd%2BXa4CnQAl9HsX3ZhTu9qT9ZkqJ4c%2FnDJj9nehWOPMN7km1ja0eZR9OgMOj6D9XlpwUVsUo9fnJBOOQVg%2F20knFJ9JxvAj8k1XZ6ZDFK1uSrDWl3indIVFY%2FUJQpA%3D%3D","environmentVariables":{"FIREBASE_CONFIG":"{\"projectId\":\"fullaccezz-2756a\",\"databaseURL\":\"https://fullaccezz-2756a-default-rtdb.firebaseio.com\",\"storageBucket\":\"fullaccezz-2756a.appspot.com\",\"locationId\":\"us-east1\"}","GCLOUD_PROJECT":"fullaccezz-2756a","EVENTARC_CLOUD_EVENT_SOURCE":"projects/fullaccezz-2756a/locations/us-central1/functions/app"},"runtime":"nodejs16","buildId":"0dfe75bf-dd9e-4eb8-8fa3-2090536c2472","buildEnvironmentVariables":{"GOOGLE_NODE_RUN_SCRIPTS":""},"buildName":"projects/286050939937/locations/us-central1/builds/0dfe75bf-dd9e-4eb8-8fa3-2090536c2472","dockerRegistry":"ARTIFACT_REGISTRY"},"versionId":"5","updateTime":"2023-11-07T13:54:01Z","buildId":"165ad3d3-b725-42e2-a6b0-71f982d9520b","buildName":"projects/286050939937/locations/us-central1/builds/165ad3d3-b725-42e2-a6b0-71f982d9520b"}}
[debug] [2023-11-07T13:54:06.713Z] [update-default-us-central1-app] Retrying task index 0
[debug] [2023-11-07T13:54:06.714Z] >>> [apiv2][query] GET https://cloudfunctions.googleapis.com/v1/operations/ZnVsbGFjY2V6ei0yNzU2YS91cy1jZW50cmFsMS9hcHAvaXJyVzMtZktsbEk [none]
[debug] [2023-11-07T13:54:07.276Z] <<< [apiv2][status] GET https://cloudfunctions.googleapis.com/v1/operations/ZnVsbGFjY2V6ei0yNzU2YS91cy1jZW50cmFsMS9hcHAvaXJyVzMtZktsbEk 200
[debug] [2023-11-07T13:54:07.277Z] <<< [apiv2][body] GET https://cloudfunctions.googleapis.com/v1/operations/ZnVsbGFjY2V6ei0yNzU2YS91cy1jZW50cmFsMS9hcHAvaXJyVzMtZktsbEk {"name":"operations/ZnVsbGFjY2V6ei0yNzU2YS91cy1jZW50cmFsMS9hcHAvaXJyVzMtZktsbEk","metadata":{"@type":"type.googleapis.com/google.cloud.functions.v1.OperationMetadataV1","target":"projects/fullaccezz-2756a/locations/us-central1/functions/app","type":"UPDATE_FUNCTION","request":{"@type":"type.googleapis.com/google.cloud.functions.v1.CloudFunction","name":"projects/fullaccezz-2756a/locations/us-central1/functions/app","httpsTrigger":{"url":"https://us-central1-fullaccezz-2756a.cloudfunctions.net/app","securityLevel":"SECURE_ALWAYS"},"status":"ACTIVE","entryPoint":"app","updateTime":"2023-11-06T23:03:26.652Z","versionId":"4","labels":{"deployment-tool":"cli-firebase","firebase-functions-hash":"c817a77dbbc119c50b554b4ce6a04ef614096ba6"},"sourceUploadUrl":"https://storage.googleapis.com/uploads-51260566639.us-central1.cloudfunctions.appspot.com/bb85f9cc-38eb-4648-9e53-5b03508f797b.zip?GoogleAccessId=service-286050939937@gcf-admin-robot.iam.gserviceaccount.com&Expires=1699367036&Signature=JKQhFUv4bgpeIDtoBS5k2uu2snMU%2FIx%2BODFiJUbl9qj8ZLXHS92OyujAMrdlwRj%2BtQMX6mVasoHXcQ5wB6eOrhSiWZCtfvliI1Ha4bK3vm4UnXTrNP6jJUOGi7X2UZ6ogaWntnZoMmWIdw%2FMXIehlEo51JSSL4yLq%2FZSWncIfI379UdgdY25NtW0xJW01%2FEuRDp%2FGUKqO0SeN4nO8RsdhS6Srd%2BXa4CnQAl9HsX3ZhTu9qT9ZkqJ4c%2FnDJj9nehWOPMN7km1ja0eZR9OgMOj6D9XlpwUVsUo9fnJBOOQVg%2F20knFJ9JxvAj8k1XZ6ZDFK1uSrDWl3indIVFY%2FUJQpA%3D%3D","environmentVariables":{"FIREBASE_CONFIG":"{\"projectId\":\"fullaccezz-2756a\",\"databaseURL\":\"https://fullaccezz-2756a-default-rtdb.firebaseio.com\",\"storageBucket\":\"fullaccezz-2756a.appspot.com\",\"locationId\":\"us-east1\"}","GCLOUD_PROJECT":"fullaccezz-2756a","EVENTARC_CLOUD_EVENT_SOURCE":"projects/fullaccezz-2756a/locations/us-central1/functions/app"},"runtime":"nodejs16","buildId":"0dfe75bf-dd9e-4eb8-8fa3-2090536c2472","buildEnvironmentVariables":{"GOOGLE_NODE_RUN_SCRIPTS":""},"buildName":"projects/286050939937/locations/us-central1/builds/0dfe75bf-dd9e-4eb8-8fa3-2090536c2472","dockerRegistry":"ARTIFACT_REGISTRY"},"versionId":"5","updateTime":"2023-11-07T13:54:01Z","buildId":"165ad3d3-b725-42e2-a6b0-71f982d9520b","buildName":"projects/286050939937/locations/us-central1/builds/165ad3d3-b725-42e2-a6b0-71f982d9520b"}}
[debug] [2023-11-07T13:54:11.285Z] [update-default-us-central1-app] Retrying task index 0
[debug] [2023-11-07T13:54:11.286Z] >>> [apiv2][query] GET https://cloudfunctions.googleapis.com/v1/operations/ZnVsbGFjY2V6ei0yNzU2YS91cy1jZW50cmFsMS9hcHAvaXJyVzMtZktsbEk [none]
[debug] [2023-11-07T13:54:11.753Z] <<< [apiv2][status] GET https://cloudfunctions.googleapis.com/v1/operations/ZnVsbGFjY2V6ei0yNzU2YS91cy1jZW50cmFsMS9hcHAvaXJyVzMtZktsbEk 200
[debug] [2023-11-07T13:54:11.753Z] <<< [apiv2][body] GET https://cloudfunctions.googleapis.com/v1/operations/ZnVsbGFjY2V6ei0yNzU2YS91cy1jZW50cmFsMS9hcHAvaXJyVzMtZktsbEk {"name":"operations/ZnVsbGFjY2V6ei0yNzU2YS91cy1jZW50cmFsMS9hcHAvaXJyVzMtZktsbEk","metadata":{"@type":"type.googleapis.com/google.cloud.functions.v1.OperationMetadataV1","target":"projects/fullaccezz-2756a/locations/us-central1/functions/app","type":"UPDATE_FUNCTION","request":{"@type":"type.googleapis.com/google.cloud.functions.v1.CloudFunction","name":"projects/fullaccezz-2756a/locations/us-central1/functions/app","httpsTrigger":{"url":"https://us-central1-fullaccezz-2756a.cloudfunctions.net/app","securityLevel":"SECURE_ALWAYS"},"status":"ACTIVE","entryPoint":"app","updateTime":"2023-11-06T23:03:26.652Z","versionId":"4","labels":{"deployment-tool":"cli-firebase","firebase-functions-hash":"c817a77dbbc119c50b554b4ce6a04ef614096ba6"},"sourceUploadUrl":"https://storage.googleapis.com/uploads-51260566639.us-central1.cloudfunctions.appspot.com/bb85f9cc-38eb-4648-9e53-5b03508f797b.zip?GoogleAccessId=service-286050939937@gcf-admin-robot.iam.gserviceaccount.com&Expires=1699367036&Signature=JKQhFUv4bgpeIDtoBS5k2uu2snMU%2FIx%2BODFiJUbl9qj8ZLXHS92OyujAMrdlwRj%2BtQMX6mVasoHXcQ5wB6eOrhSiWZCtfvliI1Ha4bK3vm4UnXTrNP6jJUOGi7X2UZ6ogaWntnZoMmWIdw%2FMXIehlEo51JSSL4yLq%2FZSWncIfI379UdgdY25NtW0xJW01%2FEuRDp%2FGUKqO0SeN4nO8RsdhS6Srd%2BXa4CnQAl9HsX3ZhTu9qT9ZkqJ4c%2FnDJj9nehWOPMN7km1ja0eZR9OgMOj6D9XlpwUVsUo9fnJBOOQVg%2F20knFJ9JxvAj8k1XZ6ZDFK1uSrDWl3indIVFY%2FUJQpA%3D%3D","environmentVariables":{"FIREBASE_CONFIG":"{\"projectId\":\"fullaccezz-2756a\",\"databaseURL\":\"https://fullaccezz-2756a-default-rtdb.firebaseio.com\",\"storageBucket\":\"fullaccezz-2756a.appspot.com\",\"locationId\":\"us-east1\"}","GCLOUD_PROJECT":"fullaccezz-2756a","EVENTARC_CLOUD_EVENT_SOURCE":"projects/fullaccezz-2756a/locations/us-central1/functions/app"},"runtime":"nodejs16","buildId":"0dfe75bf-dd9e-4eb8-8fa3-2090536c2472","buildEnvironmentVariables":{"GOOGLE_NODE_RUN_SCRIPTS":""},"buildName":"projects/286050939937/locations/us-central1/builds/0dfe75bf-dd9e-4eb8-8fa3-2090536c2472","dockerRegistry":"ARTIFACT_REGISTRY"},"versionId":"5","updateTime":"2023-11-07T13:54:01Z","buildId":"165ad3d3-b725-42e2-a6b0-71f982d9520b","buildName":"projects/286050939937/locations/us-central1/builds/165ad3d3-b725-42e2-a6b0-71f982d9520b"}}
[debug] [2023-11-07T13:54:19.766Z] [update-default-us-central1-app] Retrying task index 0
[debug] [2023-11-07T13:54:19.767Z] >>> [apiv2][query] GET https://cloudfunctions.googleapis.com/v1/operations/ZnVsbGFjY2V6ei0yNzU2YS91cy1jZW50cmFsMS9hcHAvaXJyVzMtZktsbEk [none]
[debug] [2023-11-07T13:54:20.211Z] <<< [apiv2][status] GET https://cloudfunctions.googleapis.com/v1/operations/ZnVsbGFjY2V6ei0yNzU2YS91cy1jZW50cmFsMS9hcHAvaXJyVzMtZktsbEk 200
[debug] [2023-11-07T13:54:20.211Z] <<< [apiv2][body] GET https://cloudfunctions.googleapis.com/v1/operations/ZnVsbGFjY2V6ei0yNzU2YS91cy1jZW50cmFsMS9hcHAvaXJyVzMtZktsbEk {"name":"operations/ZnVsbGFjY2V6ei0yNzU2YS91cy1jZW50cmFsMS9hcHAvaXJyVzMtZktsbEk","metadata":{"@type":"type.googleapis.com/google.cloud.functions.v1.OperationMetadataV1","target":"projects/fullaccezz-2756a/locations/us-central1/functions/app","type":"UPDATE_FUNCTION","request":{"@type":"type.googleapis.com/google.cloud.functions.v1.CloudFunction","name":"projects/fullaccezz-2756a/locations/us-central1/functions/app","httpsTrigger":{"url":"https://us-central1-fullaccezz-2756a.cloudfunctions.net/app","securityLevel":"SECURE_ALWAYS"},"status":"ACTIVE","entryPoint":"app","updateTime":"2023-11-06T23:03:26.652Z","versionId":"4","labels":{"deployment-tool":"cli-firebase","firebase-functions-hash":"c817a77dbbc119c50b554b4ce6a04ef614096ba6"},"sourceUploadUrl":"https://storage.googleapis.com/uploads-51260566639.us-central1.cloudfunctions.appspot.com/bb85f9cc-38eb-4648-9e53-5b03508f797b.zip?GoogleAccessId=service-286050939937@gcf-admin-robot.iam.gserviceaccount.com&Expires=1699367036&Signature=JKQhFUv4bgpeIDtoBS5k2uu2snMU%2FIx%2BODFiJUbl9qj8ZLXHS92OyujAMrdlwRj%2BtQMX6mVasoHXcQ5wB6eOrhSiWZCtfvliI1Ha4bK3vm4UnXTrNP6jJUOGi7X2UZ6ogaWntnZoMmWIdw%2FMXIehlEo51JSSL4yLq%2FZSWncIfI379UdgdY25NtW0xJW01%2FEuRDp%2FGUKqO0SeN4nO8RsdhS6Srd%2BXa4CnQAl9HsX3ZhTu9qT9ZkqJ4c%2FnDJj9nehWOPMN7km1ja0eZR9OgMOj6D9XlpwUVsUo9fnJBOOQVg%2F20knFJ9JxvAj8k1XZ6ZDFK1uSrDWl3indIVFY%2FUJQpA%3D%3D","environmentVariables":{"FIREBASE_CONFIG":"{\"projectId\":\"fullaccezz-2756a\",\"databaseURL\":\"https://fullaccezz-2756a-default-rtdb.firebaseio.com\",\"storageBucket\":\"fullaccezz-2756a.appspot.com\",\"locationId\":\"us-east1\"}","GCLOUD_PROJECT":"fullaccezz-2756a","EVENTARC_CLOUD_EVENT_SOURCE":"projects/fullaccezz-2756a/locations/us-central1/functions/app"},"runtime":"nodejs16","buildId":"0dfe75bf-dd9e-4eb8-8fa3-2090536c2472","buildEnvironmentVariables":{"GOOGLE_NODE_RUN_SCRIPTS":""},"buildName":"projects/286050939937/locations/us-central1/builds/0dfe75bf-dd9e-4eb8-8fa3-2090536c2472","dockerRegistry":"ARTIFACT_REGISTRY"},"versionId":"5","updateTime":"2023-11-07T13:54:01Z","buildId":"165ad3d3-b725-42e2-a6b0-71f982d9520b","buildName":"projects/286050939937/locations/us-central1/builds/165ad3d3-b725-42e2-a6b0-71f982d9520b"}}
[debug] [2023-11-07T13:54:30.214Z] [update-default-us-central1-app] Retrying task index 0
[debug] [2023-11-07T13:54:30.215Z] >>> [apiv2][query] GET https://cloudfunctions.googleapis.com/v1/operations/ZnVsbGFjY2V6ei0yNzU2YS91cy1jZW50cmFsMS9hcHAvaXJyVzMtZktsbEk [none]
[debug] [2023-11-07T13:54:30.699Z] <<< [apiv2][status] GET https://cloudfunctions.googleapis.com/v1/operations/ZnVsbGFjY2V6ei0yNzU2YS91cy1jZW50cmFsMS9hcHAvaXJyVzMtZktsbEk 200
[debug] [2023-11-07T13:54:30.699Z] <<< [apiv2][body] GET https://cloudfunctions.googleapis.com/v1/operations/ZnVsbGFjY2V6ei0yNzU2YS91cy1jZW50cmFsMS9hcHAvaXJyVzMtZktsbEk {"name":"operations/ZnVsbGFjY2V6ei0yNzU2YS91cy1jZW50cmFsMS9hcHAvaXJyVzMtZktsbEk","metadata":{"@type":"type.googleapis.com/google.cloud.functions.v1.OperationMetadataV1","target":"projects/fullaccezz-2756a/locations/us-central1/functions/app","type":"UPDATE_FUNCTION","request":{"@type":"type.googleapis.com/google.cloud.functions.v1.CloudFunction","name":"projects/fullaccezz-2756a/locations/us-central1/functions/app","httpsTrigger":{"url":"https://us-central1-fullaccezz-2756a.cloudfunctions.net/app","securityLevel":"SECURE_ALWAYS"},"status":"ACTIVE","entryPoint":"app","updateTime":"2023-11-06T23:03:26.652Z","versionId":"4","labels":{"deployment-tool":"cli-firebase","firebase-functions-hash":"c817a77dbbc119c50b554b4ce6a04ef614096ba6"},"sourceUploadUrl":"https://storage.googleapis.com/uploads-51260566639.us-central1.cloudfunctions.appspot.com/bb85f9cc-38eb-4648-9e53-5b03508f797b.zip?GoogleAccessId=service-286050939937@gcf-admin-robot.iam.gserviceaccount.com&Expires=1699367036&Signature=JKQhFUv4bgpeIDtoBS5k2uu2snMU%2FIx%2BODFiJUbl9qj8ZLXHS92OyujAMrdlwRj%2BtQMX6mVasoHXcQ5wB6eOrhSiWZCtfvliI1Ha4bK3vm4UnXTrNP6jJUOGi7X2UZ6ogaWntnZoMmWIdw%2FMXIehlEo51JSSL4yLq%2FZSWncIfI379UdgdY25NtW0xJW01%2FEuRDp%2FGUKqO0SeN4nO8RsdhS6Srd%2BXa4CnQAl9HsX3ZhTu9qT9ZkqJ4c%2FnDJj9nehWOPMN7km1ja0eZR9OgMOj6D9XlpwUVsUo9fnJBOOQVg%2F20knFJ9JxvAj8k1XZ6ZDFK1uSrDWl3indIVFY%2FUJQpA%3D%3D","environmentVariables":{"FIREBASE_CONFIG":"{\"projectId\":\"fullaccezz-2756a\",\"databaseURL\":\"https://fullaccezz-2756a-default-rtdb.firebaseio.com\",\"storageBucket\":\"fullaccezz-2756a.appspot.com\",\"locationId\":\"us-east1\"}","GCLOUD_PROJECT":"fullaccezz-2756a","EVENTARC_CLOUD_EVENT_SOURCE":"projects/fullaccezz-2756a/locations/us-central1/functions/app"},"runtime":"nodejs16","buildId":"0dfe75bf-dd9e-4eb8-8fa3-2090536c2472","buildEnvironmentVariables":{"GOOGLE_NODE_RUN_SCRIPTS":""},"buildName":"projects/286050939937/locations/us-central1/builds/0dfe75bf-dd9e-4eb8-8fa3-2090536c2472","dockerRegistry":"ARTIFACT_REGISTRY"},"versionId":"5","updateTime":"2023-11-07T13:54:01Z","buildId":"165ad3d3-b725-42e2-a6b0-71f982d9520b","buildName":"projects/286050939937/locations/us-central1/builds/165ad3d3-b725-42e2-a6b0-71f982d9520b"}}
